<?xml version="1.0" encoding="UTF-8"?>
<testsuite xmlns:xsi="http://www.w3.org/2001/XMLSchema-instance" xsi:noNamespaceSchemaLocation="https://maven.apache.org/surefire/maven-surefire-plugin/xsd/surefire-test-report.xsd" name="com.tul.orchestator.AppTest" time="0.001" tests="1" errors="0" skipped="0" failures="0">
  <properties>
    <property name="java.specification.version" value="18"/>
    <property name="sun.jnu.encoding" value="UTF-8"/>
    <property name="java.class.path" value="/Users/richardabanto/Documents/Tul/workspace/Java/orchestator/orchestator/target/test-classes:/Users/richardabanto/Documents/Tul/workspace/Java/orchestator/orchestator/target/classes:/Users/richardabanto/.m2/repository/org/springframework/boot/spring-boot-starter-jdbc/2.3.10.RELEASE/spring-boot-starter-jdbc-2.3.10.RELEASE.jar:/Users/richardabanto/.m2/repository/org/springframework/boot/spring-boot-starter/2.3.10.RELEASE/spring-boot-starter-2.3.10.RELEASE.jar:/Users/richardabanto/.m2/repository/org/springframework/boot/spring-boot-starter-logging/2.3.10.RELEASE/spring-boot-starter-logging-2.3.10.RELEASE.jar:/Users/richardabanto/.m2/repository/ch/qos/logback/logback-classic/1.2.3/logback-classic-1.2.3.jar:/Users/richardabanto/.m2/repository/ch/qos/logback/logback-core/1.2.3/logback-core-1.2.3.jar:/Users/richardabanto/.m2/repository/org/apache/logging/log4j/log4j-to-slf4j/2.13.3/log4j-to-slf4j-2.13.3.jar:/Users/richardabanto/.m2/repository/org/apache/logging/log4j/log4j-api/2.13.3/log4j-api-2.13.3.jar:/Users/richardabanto/.m2/repository/org/slf4j/jul-to-slf4j/1.7.30/jul-to-slf4j-1.7.30.jar:/Users/richardabanto/.m2/repository/jakarta/annotation/jakarta.annotation-api/1.3.5/jakarta.annotation-api-1.3.5.jar:/Users/richardabanto/.m2/repository/org/yaml/snakeyaml/1.26/snakeyaml-1.26.jar:/Users/richardabanto/.m2/repository/com/zaxxer/HikariCP/3.4.5/HikariCP-3.4.5.jar:/Users/richardabanto/.m2/repository/org/springframework/spring-jdbc/5.2.14.RELEASE/spring-jdbc-5.2.14.RELEASE.jar:/Users/richardabanto/.m2/repository/org/springframework/boot/spring-boot-starter-web/2.3.10.RELEASE/spring-boot-starter-web-2.3.10.RELEASE.jar:/Users/richardabanto/.m2/repository/org/springframework/boot/spring-boot-starter-json/2.3.10.RELEASE/spring-boot-starter-json-2.3.10.RELEASE.jar:/Users/richardabanto/.m2/repository/com/fasterxml/jackson/datatype/jackson-datatype-jdk8/2.11.4/jackson-datatype-jdk8-2.11.4.jar:/Users/richardabanto/.m2/repository/com/fasterxml/jackson/module/jackson-module-parameter-names/2.11.4/jackson-module-parameter-names-2.11.4.jar:/Users/richardabanto/.m2/repository/org/springframework/boot/spring-boot-starter-tomcat/2.3.10.RELEASE/spring-boot-starter-tomcat-2.3.10.RELEASE.jar:/Users/richardabanto/.m2/repository/org/apache/tomcat/embed/tomcat-embed-core/9.0.45/tomcat-embed-core-9.0.45.jar:/Users/richardabanto/.m2/repository/org/glassfish/jakarta.el/3.0.3/jakarta.el-3.0.3.jar:/Users/richardabanto/.m2/repository/org/apache/tomcat/embed/tomcat-embed-websocket/9.0.45/tomcat-embed-websocket-9.0.45.jar:/Users/richardabanto/.m2/repository/org/springframework/spring-web/5.2.14.RELEASE/spring-web-5.2.14.RELEASE.jar:/Users/richardabanto/.m2/repository/org/springframework/spring-webmvc/5.2.14.RELEASE/spring-webmvc-5.2.14.RELEASE.jar:/Users/richardabanto/.m2/repository/org/springframework/spring-aop/5.2.14.RELEASE/spring-aop-5.2.14.RELEASE.jar:/Users/richardabanto/.m2/repository/org/springframework/spring-context/5.2.14.RELEASE/spring-context-5.2.14.RELEASE.jar:/Users/richardabanto/.m2/repository/org/springframework/spring-expression/5.2.14.RELEASE/spring-expression-5.2.14.RELEASE.jar:/Users/richardabanto/.m2/repository/org/springframework/boot/spring-boot-starter-actuator/2.3.10.RELEASE/spring-boot-starter-actuator-2.3.10.RELEASE.jar:/Users/richardabanto/.m2/repository/org/springframework/boot/spring-boot-actuator-autoconfigure/2.3.10.RELEASE/spring-boot-actuator-autoconfigure-2.3.10.RELEASE.jar:/Users/richardabanto/.m2/repository/org/springframework/boot/spring-boot-actuator/2.3.10.RELEASE/spring-boot-actuator-2.3.10.RELEASE.jar:/Users/richardabanto/.m2/repository/io/micrometer/micrometer-core/1.5.13/micrometer-core-1.5.13.jar:/Users/richardabanto/.m2/repository/org/hdrhistogram/HdrHistogram/2.1.12/HdrHistogram-2.1.12.jar:/Users/richardabanto/.m2/repository/org/latencyutils/LatencyUtils/2.0.3/LatencyUtils-2.0.3.jar:/Users/richardabanto/.m2/repository/org/springframework/boot/spring-boot-devtools/2.3.10.RELEASE/spring-boot-devtools-2.3.10.RELEASE.jar:/Users/richardabanto/.m2/repository/org/springframework/boot/spring-boot/2.3.10.RELEASE/spring-boot-2.3.10.RELEASE.jar:/Users/richardabanto/.m2/repository/org/springframework/boot/spring-boot-autoconfigure/2.3.10.RELEASE/spring-boot-autoconfigure-2.3.10.RELEASE.jar:/Users/richardabanto/.m2/repository/org/springframework/boot/spring-boot-configuration-processor/2.3.10.RELEASE/spring-boot-configuration-processor-2.3.10.RELEASE.jar:/Users/richardabanto/.m2/repository/org/springframework/boot/spring-boot-starter-data-jpa/2.3.10.RELEASE/spring-boot-starter-data-jpa-2.3.10.RELEASE.jar:/Users/richardabanto/.m2/repository/org/springframework/boot/spring-boot-starter-aop/2.3.10.RELEASE/spring-boot-starter-aop-2.3.10.RELEASE.jar:/Users/richardabanto/.m2/repository/org/aspectj/aspectjweaver/1.9.6/aspectjweaver-1.9.6.jar:/Users/richardabanto/.m2/repository/jakarta/transaction/jakarta.transaction-api/1.3.3/jakarta.transaction-api-1.3.3.jar:/Users/richardabanto/.m2/repository/jakarta/persistence/jakarta.persistence-api/2.2.3/jakarta.persistence-api-2.2.3.jar:/Users/richardabanto/.m2/repository/org/hibernate/hibernate-core/5.4.30.Final/hibernate-core-5.4.30.Final.jar:/Users/richardabanto/.m2/repository/org/jboss/logging/jboss-logging/3.4.1.Final/jboss-logging-3.4.1.Final.jar:/Users/richardabanto/.m2/repository/org/javassist/javassist/3.27.0-GA/javassist-3.27.0-GA.jar:/Users/richardabanto/.m2/repository/net/bytebuddy/byte-buddy/1.10.22/byte-buddy-1.10.22.jar:/Users/richardabanto/.m2/repository/antlr/antlr/2.7.7/antlr-2.7.7.jar:/Users/richardabanto/.m2/repository/org/jboss/jandex/2.2.3.Final/jandex-2.2.3.Final.jar:/Users/richardabanto/.m2/repository/com/fasterxml/classmate/1.5.1/classmate-1.5.1.jar:/Users/richardabanto/.m2/repository/org/dom4j/dom4j/2.1.3/dom4j-2.1.3.jar:/Users/richardabanto/.m2/repository/org/hibernate/common/hibernate-commons-annotations/5.1.2.Final/hibernate-commons-annotations-5.1.2.Final.jar:/Users/richardabanto/.m2/repository/org/glassfish/jaxb/jaxb-runtime/2.3.4/jaxb-runtime-2.3.4.jar:/Users/richardabanto/.m2/repository/org/glassfish/jaxb/txw2/2.3.4/txw2-2.3.4.jar:/Users/richardabanto/.m2/repository/com/sun/istack/istack-commons-runtime/3.0.12/istack-commons-runtime-3.0.12.jar:/Users/richardabanto/.m2/repository/com/sun/activation/jakarta.activation/1.2.2/jakarta.activation-1.2.2.jar:/Users/richardabanto/.m2/repository/org/springframework/data/spring-data-jpa/2.3.9.RELEASE/spring-data-jpa-2.3.9.RELEASE.jar:/Users/richardabanto/.m2/repository/org/springframework/data/spring-data-commons/2.3.9.RELEASE/spring-data-commons-2.3.9.RELEASE.jar:/Users/richardabanto/.m2/repository/org/springframework/spring-orm/5.2.14.RELEASE/spring-orm-5.2.14.RELEASE.jar:/Users/richardabanto/.m2/repository/org/springframework/spring-aspects/5.2.14.RELEASE/spring-aspects-5.2.14.RELEASE.jar:/Users/richardabanto/.m2/repository/org/postgresql/postgresql/42.2.19/postgresql-42.2.19.jar:/Users/richardabanto/.m2/repository/org/checkerframework/checker-qual/3.5.0/checker-qual-3.5.0.jar:/Users/richardabanto/.m2/repository/org/projectlombok/lombok/1.18.20/lombok-1.18.20.jar:/Users/richardabanto/.m2/repository/org/springframework/boot/spring-boot-starter-test/2.3.10.RELEASE/spring-boot-starter-test-2.3.10.RELEASE.jar:/Users/richardabanto/.m2/repository/org/springframework/boot/spring-boot-test/2.3.10.RELEASE/spring-boot-test-2.3.10.RELEASE.jar:/Users/richardabanto/.m2/repository/org/springframework/boot/spring-boot-test-autoconfigure/2.3.10.RELEASE/spring-boot-test-autoconfigure-2.3.10.RELEASE.jar:/Users/richardabanto/.m2/repository/jakarta/xml/bind/jakarta.xml.bind-api/2.3.3/jakarta.xml.bind-api-2.3.3.jar:/Users/richardabanto/.m2/repository/jakarta/activation/jakarta.activation-api/1.2.2/jakarta.activation-api-1.2.2.jar:/Users/richardabanto/.m2/repository/org/assertj/assertj-core/3.16.1/assertj-core-3.16.1.jar:/Users/richardabanto/.m2/repository/org/hamcrest/hamcrest/2.2/hamcrest-2.2.jar:/Users/richardabanto/.m2/repository/org/junit/jupiter/junit-jupiter/5.6.3/junit-jupiter-5.6.3.jar:/Users/richardabanto/.m2/repository/org/junit/jupiter/junit-jupiter-api/5.6.3/junit-jupiter-api-5.6.3.jar:/Users/richardabanto/.m2/repository/org/opentest4j/opentest4j/1.2.0/opentest4j-1.2.0.jar:/Users/richardabanto/.m2/repository/org/junit/platform/junit-platform-commons/1.6.3/junit-platform-commons-1.6.3.jar:/Users/richardabanto/.m2/repository/org/junit/jupiter/junit-jupiter-params/5.6.3/junit-jupiter-params-5.6.3.jar:/Users/richardabanto/.m2/repository/org/junit/jupiter/junit-jupiter-engine/5.6.3/junit-jupiter-engine-5.6.3.jar:/Users/richardabanto/.m2/repository/org/junit/vintage/junit-vintage-engine/5.6.3/junit-vintage-engine-5.6.3.jar:/Users/richardabanto/.m2/repository/org/apiguardian/apiguardian-api/1.1.0/apiguardian-api-1.1.0.jar:/Users/richardabanto/.m2/repository/org/junit/platform/junit-platform-engine/1.6.3/junit-platform-engine-1.6.3.jar:/Users/richardabanto/.m2/repository/junit/junit/4.13.2/junit-4.13.2.jar:/Users/richardabanto/.m2/repository/org/mockito/mockito-core/3.3.3/mockito-core-3.3.3.jar:/Users/richardabanto/.m2/repository/net/bytebuddy/byte-buddy-agent/1.10.22/byte-buddy-agent-1.10.22.jar:/Users/richardabanto/.m2/repository/org/objenesis/objenesis/2.6/objenesis-2.6.jar:/Users/richardabanto/.m2/repository/org/mockito/mockito-junit-jupiter/3.3.3/mockito-junit-jupiter-3.3.3.jar:/Users/richardabanto/.m2/repository/org/skyscreamer/jsonassert/1.5.0/jsonassert-1.5.0.jar:/Users/richardabanto/.m2/repository/com/vaadin/external/google/android-json/0.0.20131108.vaadin1/android-json-0.0.20131108.vaadin1.jar:/Users/richardabanto/.m2/repository/org/springframework/spring-core/5.2.14.RELEASE/spring-core-5.2.14.RELEASE.jar:/Users/richardabanto/.m2/repository/org/springframework/spring-jcl/5.2.14.RELEASE/spring-jcl-5.2.14.RELEASE.jar:/Users/richardabanto/.m2/repository/org/springframework/spring-test/5.2.14.RELEASE/spring-test-5.2.14.RELEASE.jar:/Users/richardabanto/.m2/repository/org/xmlunit/xmlunit-core/2.7.0/xmlunit-core-2.7.0.jar:/Users/richardabanto/.m2/repository/org/flowable/flowable-spring-boot-starter-rest/6.6.0/flowable-spring-boot-starter-rest-6.6.0.jar:/Users/richardabanto/.m2/repository/org/flowable/flowable-spring-boot-starter/6.6.0/flowable-spring-boot-starter-6.6.0.jar:/Users/richardabanto/.m2/repository/org/flowable/flowable-spring-boot-autoconfigure/6.6.0/flowable-spring-boot-autoconfigure-6.6.0.jar:/Users/richardabanto/.m2/repository/org/flowable/flowable-spring-security/6.6.0/flowable-spring-security-6.6.0.jar:/Users/richardabanto/.m2/repository/org/flowable/flowable-spring-boot-starter-app/6.6.0/flowable-spring-boot-starter-app-6.6.0.jar:/Users/richardabanto/.m2/repository/org/flowable/flowable-spring-boot-starter-process/6.6.0/flowable-spring-boot-starter-process-6.6.0.jar:/Users/richardabanto/.m2/repository/org/flowable/flowable-spring-boot-starter-cmmn/6.6.0/flowable-spring-boot-starter-cmmn-6.6.0.jar:/Users/richardabanto/.m2/repository/org/flowable/flowable-cmmn-spring/6.6.0/flowable-cmmn-spring-6.6.0.jar:/Users/richardabanto/.m2/repository/org/flowable/flowable-spring-boot-starter-dmn/6.6.0/flowable-spring-boot-starter-dmn-6.6.0.jar:/Users/richardabanto/.m2/repository/org/flowable/flowable-dmn-spring/6.6.0/flowable-dmn-spring-6.6.0.jar:/Users/richardabanto/.m2/repository/org/flowable/flowable-spring-configurator/6.6.0/flowable-spring-configurator-6.6.0.jar:/Users/richardabanto/.m2/repository/org/flowable/flowable-engine-configurator/6.6.0/flowable-engine-configurator-6.6.0.jar:/Users/richardabanto/.m2/repository/org/flowable/flowable-cmmn-spring-configurator/6.6.0/flowable-cmmn-spring-configurator-6.6.0.jar:/Users/richardabanto/.m2/repository/org/flowable/flowable-cmmn-engine-configurator/6.6.0/flowable-cmmn-engine-configurator-6.6.0.jar:/Users/richardabanto/.m2/repository/org/flowable/flowable-dmn-spring-configurator/6.6.0/flowable-dmn-spring-configurator-6.6.0.jar:/Users/richardabanto/.m2/repository/org/flowable/flowable-dmn-engine-configurator/6.6.0/flowable-dmn-engine-configurator-6.6.0.jar:/Users/richardabanto/.m2/repository/org/flowable/flowable-form-spring-configurator/6.6.0/flowable-form-spring-configurator-6.6.0.jar:/Users/richardabanto/.m2/repository/org/flowable/flowable-form-spring/6.6.0/flowable-form-spring-6.6.0.jar:/Users/richardabanto/.m2/repository/org/flowable/flowable-form-engine-configurator/6.6.0/flowable-form-engine-configurator-6.6.0.jar:/Users/richardabanto/.m2/repository/org/flowable/flowable-content-spring-configurator/6.6.0/flowable-content-spring-configurator-6.6.0.jar:/Users/richardabanto/.m2/repository/org/flowable/flowable-content-spring/6.6.0/flowable-content-spring-6.6.0.jar:/Users/richardabanto/.m2/repository/org/flowable/flowable-content-engine-configurator/6.6.0/flowable-content-engine-configurator-6.6.0.jar:/Users/richardabanto/.m2/repository/org/flowable/flowable-idm-spring-configurator/6.6.0/flowable-idm-spring-configurator-6.6.0.jar:/Users/richardabanto/.m2/repository/org/flowable/flowable-spring-common/6.6.0/flowable-spring-common-6.6.0.jar:/Users/richardabanto/.m2/repository/org/flowable/flowable-idm-engine-configurator/6.6.0/flowable-idm-engine-configurator-6.6.0.jar:/Users/richardabanto/.m2/repository/org/flowable/flowable-spring-boot-starter-process-rest/6.6.0/flowable-spring-boot-starter-process-rest-6.6.0.jar:/Users/richardabanto/.m2/repository/org/flowable/flowable-rest/6.6.0/flowable-rest-6.6.0.jar:/Users/richardabanto/.m2/repository/org/flowable/flowable-idm-rest/6.6.0/flowable-idm-rest-6.6.0.jar:/Users/richardabanto/.m2/repository/org/flowable/flowable-external-job-rest/6.6.0/flowable-external-job-rest-6.6.0.jar:/Users/richardabanto/.m2/repository/org/flowable/flowable-cmmn-api/6.6.0/flowable-cmmn-api-6.6.0.jar:/Users/richardabanto/.m2/repository/org/flowable/flowable-entitylink-service-api/6.6.0/flowable-entitylink-service-api-6.6.0.jar:/Users/richardabanto/.m2/repository/org/flowable/flowable-task-service-api/6.6.0/flowable-task-service-api-6.6.0.jar:/Users/richardabanto/.m2/repository/org/flowable/flowable-job-service-api/6.6.0/flowable-job-service-api-6.6.0.jar:/Users/richardabanto/.m2/repository/org/flowable/flowable-batch-service-api/6.6.0/flowable-batch-service-api-6.6.0.jar:/Users/richardabanto/.m2/repository/org/flowable/flowable-spring-boot-starter-app-rest/6.6.0/flowable-spring-boot-starter-app-rest-6.6.0.jar:/Users/richardabanto/.m2/repository/org/flowable/flowable-app-engine-rest/6.6.0/flowable-app-engine-rest-6.6.0.jar:/Users/richardabanto/.m2/repository/org/flowable/flowable-spring-boot-starter-cmmn-rest/6.6.0/flowable-spring-boot-starter-cmmn-rest-6.6.0.jar:/Users/richardabanto/.m2/repository/org/flowable/flowable-cmmn-rest/6.6.0/flowable-cmmn-rest-6.6.0.jar:/Users/richardabanto/.m2/repository/org/flowable/flowable-spring-boot-starter-dmn-rest/6.6.0/flowable-spring-boot-starter-dmn-rest-6.6.0.jar:/Users/richardabanto/.m2/repository/org/flowable/flowable-dmn-rest/6.6.0/flowable-dmn-rest-6.6.0.jar:/Users/richardabanto/.m2/repository/org/flowable/flowable-event-registry-rest/6.6.0/flowable-event-registry-rest-6.6.0.jar:/Users/richardabanto/.m2/repository/org/flowable/flowable-event-registry/6.6.0/flowable-event-registry-6.6.0.jar:/Users/richardabanto/.m2/repository/org/flowable/flowable-event-registry-api/6.6.0/flowable-event-registry-api-6.6.0.jar:/Users/richardabanto/.m2/repository/org/flowable/flowable-eventsubscription-service-api/6.6.0/flowable-eventsubscription-service-api-6.6.0.jar:/Users/richardabanto/.m2/repository/org/flowable/flowable-idm-api/6.6.0/flowable-idm-api-6.6.0.jar:/Users/richardabanto/.m2/repository/org/flowable/flowable-common-rest/6.6.0/flowable-common-rest-6.6.0.jar:/Users/richardabanto/.m2/repository/commons-io/commons-io/2.8.0/commons-io-2.8.0.jar:/Users/richardabanto/.m2/repository/javax/annotation/jsr250-api/1.0/jsr250-api-1.0.jar:/Users/richardabanto/.m2/repository/org/apache/httpcomponents/httpcore/4.4.14/httpcore-4.4.14.jar:/Users/richardabanto/.m2/repository/io/swagger/swagger-annotations/1.6.2/swagger-annotations-1.6.2.jar:/Users/richardabanto/.m2/repository/io/swagger/swagger-models/1.6.2/swagger-models-1.6.2.jar:/Users/richardabanto/.m2/repository/org/flowable/flowable-form-rest/6.6.0/flowable-form-rest-6.6.0.jar:/Users/richardabanto/.m2/repository/org/flowable/flowable-form-engine/6.6.0/flowable-form-engine-6.6.0.jar:/Users/richardabanto/.m2/repository/org/flowable/flowable-form-api/6.6.0/flowable-form-api-6.6.0.jar:/Users/richardabanto/.m2/repository/org/flowable/flowable-content-rest/6.6.0/flowable-content-rest-6.6.0.jar:/Users/richardabanto/.m2/repository/org/flowable/flowable-content-engine/6.6.0/flowable-content-engine-6.6.0.jar:/Users/richardabanto/.m2/repository/org/slf4j/jcl-over-slf4j/1.7.30/jcl-over-slf4j-1.7.30.jar:/Users/richardabanto/.m2/repository/com/fasterxml/jackson/core/jackson-core/2.12.3/jackson-core-2.12.3.jar:/Users/richardabanto/.m2/repository/com/fasterxml/jackson/datatype/jackson-datatype-jsr310/2.12.3/jackson-datatype-jsr310-2.12.3.jar:/Users/richardabanto/.m2/repository/com/fasterxml/jackson/core/jackson-annotations/2.11.4/jackson-annotations-2.11.4.jar:/Users/richardabanto/.m2/repository/com/fasterxml/jackson/core/jackson-databind/2.11.4/jackson-databind-2.11.4.jar:/Users/richardabanto/.m2/repository/com/konghq/unirest-objectmapper-jackson/3.11.09/unirest-objectmapper-jackson-3.11.09.jar:/Users/richardabanto/.m2/repository/org/flowable/flowable-spring-boot-starter-ui-admin/6.6.0/flowable-spring-boot-starter-ui-admin-6.6.0.jar:/Users/richardabanto/.m2/repository/org/flowable/flowable-ui-admin-conf/6.6.0/flowable-ui-admin-conf-6.6.0.jar:/Users/richardabanto/.m2/repository/org/flowable/flowable-bpmn-model/6.6.0/flowable-bpmn-model-6.6.0.jar:/Users/richardabanto/.m2/repository/org/flowable/flowable-bpmn-converter/6.6.0/flowable-bpmn-converter-6.6.0.jar:/Users/richardabanto/.m2/repository/org/flowable/flowable-json-converter/6.6.0/flowable-json-converter-6.6.0.jar:/Users/richardabanto/.m2/repository/org/flowable/flowable-bpmn-layout/6.6.0/flowable-bpmn-layout-6.6.0.jar:/Users/richardabanto/.m2/repository/org/tinyjee/jgraphx/jgraphx/1.10.4.1/jgraphx-1.10.4.1.jar:/Users/richardabanto/.m2/repository/org/flowable/flowable-form-model/6.6.0/flowable-form-model-6.6.0.jar:/Users/richardabanto/.m2/repository/org/flowable/flowable-form-json-converter/6.6.0/flowable-form-json-converter-6.6.0.jar:/Users/richardabanto/.m2/repository/org/flowable/flowable-dmn-model/6.6.0/flowable-dmn-model-6.6.0.jar:/Users/richardabanto/.m2/repository/org/flowable/flowable-dmn-xml-converter/6.6.0/flowable-dmn-xml-converter-6.6.0.jar:/Users/richardabanto/.m2/repository/org/flowable/flowable-dmn-json-converter/6.6.0/flowable-dmn-json-converter-6.6.0.jar:/Users/richardabanto/.m2/repository/org/mybatis/mybatis/3.5.5/mybatis-3.5.5.jar:/Users/richardabanto/.m2/repository/org/mybatis/mybatis-spring/2.0.5/mybatis-spring-2.0.5.jar:/Users/richardabanto/.m2/repository/xerces/xercesImpl/2.12.0/xercesImpl-2.12.0.jar:/Users/richardabanto/.m2/repository/xml-apis/xml-apis/1.4.01/xml-apis-1.4.01.jar:/Users/richardabanto/.m2/repository/org/apache/commons/commons-lang3/3.10/commons-lang3-3.10.jar:/Users/richardabanto/.m2/repository/joda-time/joda-time/2.10.6/joda-time-2.10.6.jar:/Users/richardabanto/.m2/repository/org/flowable/flowable-ui-admin-frontend/6.6.0/flowable-ui-admin-frontend-6.6.0.jar:/Users/richardabanto/.m2/repository/org/flowable/flowable-ui-admin-logic/6.6.0/flowable-ui-admin-logic-6.6.0.jar:/Users/richardabanto/.m2/repository/org/flowable/flowable-process-validation/6.6.0/flowable-process-validation-6.6.0.jar:/Users/richardabanto/.m2/repository/org/flowable/flowable-image-generator/6.6.0/flowable-image-generator-6.6.0.jar:/Users/richardabanto/.m2/repository/org/flowable/flowable-cmmn-model/6.6.0/flowable-cmmn-model-6.6.0.jar:/Users/richardabanto/.m2/repository/org/flowable/flowable-cmmn-converter/6.6.0/flowable-cmmn-converter-6.6.0.jar:/Users/richardabanto/.m2/repository/org/flowable/flowable-cmmn-json-converter/6.6.0/flowable-cmmn-json-converter-6.6.0.jar:/Users/richardabanto/.m2/repository/org/flowable/flowable-cmmn-image-generator/6.6.0/flowable-cmmn-image-generator-6.6.0.jar:/Users/richardabanto/.m2/repository/org/flowable/flowable-dmn-image-generator/6.6.0/flowable-dmn-image-generator-6.6.0.jar:/Users/richardabanto/.m2/repository/com/fasterxml/jackson/datatype/jackson-datatype-json-org/2.11.4/jackson-datatype-json-org-2.11.4.jar:/Users/richardabanto/.m2/repository/org/json/json/20190722/json-20190722.jar:/Users/richardabanto/.m2/repository/com/fasterxml/jackson/datatype/jackson-datatype-joda/2.11.4/jackson-datatype-joda-2.11.4.jar:/Users/richardabanto/.m2/repository/commons-collections/commons-collections/3.2.2/commons-collections-3.2.2.jar:/Users/richardabanto/.m2/repository/com/google/guava/guava/29.0-jre/guava-29.0-jre.jar:/Users/richardabanto/.m2/repository/com/google/guava/failureaccess/1.0.1/failureaccess-1.0.1.jar:/Users/richardabanto/.m2/repository/com/google/guava/listenablefuture/9999.0-empty-to-avoid-conflict-with-guava/listenablefuture-9999.0-empty-to-avoid-conflict-with-guava.jar:/Users/richardabanto/.m2/repository/com/google/code/findbugs/jsr305/3.0.2/jsr305-3.0.2.jar:/Users/richardabanto/.m2/repository/com/google/errorprone/error_prone_annotations/2.3.4/error_prone_annotations-2.3.4.jar:/Users/richardabanto/.m2/repository/com/google/j2objc/j2objc-annotations/1.3/j2objc-annotations-1.3.jar:/Users/richardabanto/.m2/repository/org/springframework/spring-context-support/5.2.14.RELEASE/spring-context-support-5.2.14.RELEASE.jar:/Users/richardabanto/.m2/repository/org/springframework/security/spring-security-core/5.3.9.RELEASE/spring-security-core-5.3.9.RELEASE.jar:/Users/richardabanto/.m2/repository/org/springframework/security/spring-security-config/5.3.9.RELEASE/spring-security-config-5.3.9.RELEASE.jar:/Users/richardabanto/.m2/repository/org/springframework/security/spring-security-crypto/5.3.9.RELEASE/spring-security-crypto-5.3.9.RELEASE.jar:/Users/richardabanto/.m2/repository/org/springframework/security/spring-security-web/5.3.9.RELEASE/spring-security-web-5.3.9.RELEASE.jar:/Users/richardabanto/.m2/repository/org/flowable/flowable-ui-admin-rest/6.6.0/flowable-ui-admin-rest-6.6.0.jar:/Users/richardabanto/.m2/repository/org/flowable/flowable-ui-common/6.6.0/flowable-ui-common-6.6.0.jar:/Users/richardabanto/.m2/repository/com/fasterxml/uuid/java-uuid-generator/3.3.0/java-uuid-generator-3.3.0.jar:/Users/richardabanto/.m2/repository/org/flowable/flowable-spring-boot-starter-ui-idm/6.6.0/flowable-spring-boot-starter-ui-idm-6.6.0.jar:/Users/richardabanto/.m2/repository/org/flowable/flowable-ui-idm-conf/6.6.0/flowable-ui-idm-conf-6.6.0.jar:/Users/richardabanto/.m2/repository/org/flowable/flowable-idm-spring/6.6.0/flowable-idm-spring-6.6.0.jar:/Users/richardabanto/.m2/repository/org/flowable/flowable-ldap/6.6.0/flowable-ldap-6.6.0.jar:/Users/richardabanto/.m2/repository/com/h2database/h2/1.4.200/h2-1.4.200.jar:/Users/richardabanto/.m2/repository/org/springframework/security/spring-security-ldap/5.3.9.RELEASE/spring-security-ldap-5.3.9.RELEASE.jar:/Users/richardabanto/.m2/repository/org/flowable/flowable-ui-idm-frontend/6.6.0/flowable-ui-idm-frontend-6.6.0.jar:/Users/richardabanto/.m2/repository/org/flowable/flowable-ui-idm-logic/6.6.0/flowable-ui-idm-logic-6.6.0.jar:/Users/richardabanto/.m2/repository/org/flowable/flowable-ui-idm-rest/6.6.0/flowable-ui-idm-rest-6.6.0.jar:/Users/richardabanto/.m2/repository/org/flowable/flowable-idm-engine/6.6.0/flowable-idm-engine-6.6.0.jar:/Users/richardabanto/.m2/repository/org/flowable/flowable-engine-common-api/6.6.0/flowable-engine-common-api-6.6.0.jar:/Users/richardabanto/.m2/repository/org/flowable/flowable-engine-common/6.6.0/flowable-engine-common-6.6.0.jar:/Users/richardabanto/.m2/repository/org/flowable/flowable-variable-service-api/6.6.0/flowable-variable-service-api-6.6.0.jar:/Users/richardabanto/.m2/repository/commons-logging/commons-logging/1.2/commons-logging-1.2.jar:/Users/richardabanto/.m2/repository/commons-codec/commons-codec/1.14/commons-codec-1.14.jar:/Users/richardabanto/.m2/repository/org/flowable/flowable-spring-boot-starter-ui-modeler/6.6.0/flowable-spring-boot-starter-ui-modeler-6.6.0.jar:/Users/richardabanto/.m2/repository/org/flowable/flowable-ui-modeler-conf/6.6.0/flowable-ui-modeler-conf-6.6.0.jar:/Users/richardabanto/.m2/repository/org/flowable/flowable-ui-modeler-frontend/6.6.0/flowable-ui-modeler-frontend-6.6.0.jar:/Users/richardabanto/.m2/repository/org/flowable/flowable-ui-modeler-logic/6.6.0/flowable-ui-modeler-logic-6.6.0.jar:/Users/richardabanto/.m2/repository/org/flowable/flowable-event-registry-model/6.6.0/flowable-event-registry-model-6.6.0.jar:/Users/richardabanto/.m2/repository/org/flowable/flowable-event-registry-json-converter/6.6.0/flowable-event-registry-json-converter-6.6.0.jar:/Users/richardabanto/.m2/repository/org/flowable/flowable-app-engine-api/6.6.0/flowable-app-engine-api-6.6.0.jar:/Users/richardabanto/.m2/repository/org/flowable/flowable-ui-modeler-rest/6.6.0/flowable-ui-modeler-rest-6.6.0.jar:/Users/richardabanto/.m2/repository/org/flowable/flowable-spring-boot-starter-ui-task/6.6.0/flowable-spring-boot-starter-ui-task-6.6.0.jar:/Users/richardabanto/.m2/repository/org/flowable/flowable-ui-task-conf/6.6.0/flowable-ui-task-conf-6.6.0.jar:/Users/richardabanto/.m2/repository/org/flowable/flowable-content-api/6.6.0/flowable-content-api-6.6.0.jar:/Users/richardabanto/.m2/repository/org/flowable/flowable-engine/6.6.0/flowable-engine-6.6.0.jar:/Users/richardabanto/.m2/repository/org/flowable/flowable-variable-service/6.6.0/flowable-variable-service-6.6.0.jar:/Users/richardabanto/.m2/repository/org/flowable/flowable-identitylink-service/6.6.0/flowable-identitylink-service-6.6.0.jar:/Users/richardabanto/.m2/repository/org/flowable/flowable-identitylink-service-api/6.6.0/flowable-identitylink-service-api-6.6.0.jar:/Users/richardabanto/.m2/repository/org/flowable/flowable-entitylink-service/6.6.0/flowable-entitylink-service-6.6.0.jar:/Users/richardabanto/.m2/repository/org/flowable/flowable-event-registry-configurator/6.6.0/flowable-event-registry-configurator-6.6.0.jar:/Users/richardabanto/.m2/repository/org/flowable/flowable-eventsubscription-service/6.6.0/flowable-eventsubscription-service-6.6.0.jar:/Users/richardabanto/.m2/repository/org/flowable/flowable-task-service/6.6.0/flowable-task-service-6.6.0.jar:/Users/richardabanto/.m2/repository/org/flowable/flowable-job-service/6.6.0/flowable-job-service-6.6.0.jar:/Users/richardabanto/.m2/repository/org/flowable/flowable-batch-service/6.6.0/flowable-batch-service-6.6.0.jar:/Users/richardabanto/.m2/repository/org/flowable/flowable-dmn-api/6.6.0/flowable-dmn-api-6.6.0.jar:/Users/richardabanto/.m2/repository/org/apache/commons/commons-email/1.5/commons-email-1.5.jar:/Users/richardabanto/.m2/repository/com/sun/mail/javax.mail/1.5.6/javax.mail-1.5.6.jar:/Users/richardabanto/.m2/repository/javax/activation/activation/1.1/activation-1.1.jar:/Users/richardabanto/.m2/repository/org/flowable/flowable-spring/6.6.0/flowable-spring-6.6.0.jar:/Users/richardabanto/.m2/repository/org/flowable/flowable-job-spring-service/6.6.0/flowable-job-spring-service-6.6.0.jar:/Users/richardabanto/.m2/repository/org/flowable/flowable-event-registry-spring-configurator/6.6.0/flowable-event-registry-spring-configurator-6.6.0.jar:/Users/richardabanto/.m2/repository/org/flowable/flowable-event-registry-spring/6.6.0/flowable-event-registry-spring-6.6.0.jar:/Users/richardabanto/.m2/repository/org/flowable/flowable-app-engine/6.6.0/flowable-app-engine-6.6.0.jar:/Users/richardabanto/.m2/repository/org/flowable/flowable-app-engine-spring/6.6.0/flowable-app-engine-spring-6.6.0.jar:/Users/richardabanto/.m2/repository/org/flowable/flowable-dmn-engine/6.6.0/flowable-dmn-engine-6.6.0.jar:/Users/richardabanto/.m2/repository/org/flowable/flowable-cmmn-engine/6.6.0/flowable-cmmn-engine-6.6.0.jar:/Users/richardabanto/.m2/repository/org/springframework/spring-jms/5.2.14.RELEASE/spring-jms-5.2.14.RELEASE.jar:/Users/richardabanto/.m2/repository/org/springframework/spring-messaging/5.2.14.RELEASE/spring-messaging-5.2.14.RELEASE.jar:/Users/richardabanto/.m2/repository/jakarta/jms/jakarta.jms-api/2.0.3/jakarta.jms-api-2.0.3.jar:/Users/richardabanto/.m2/repository/org/apache/activemq/activemq-broker/5.15.14/activemq-broker-5.15.14.jar:/Users/richardabanto/.m2/repository/org/apache/activemq/activemq-client/5.15.14/activemq-client-5.15.14.jar:/Users/richardabanto/.m2/repository/org/apache/geronimo/specs/geronimo-jms_1.1_spec/1.1.1/geronimo-jms_1.1_spec-1.1.1.jar:/Users/richardabanto/.m2/repository/org/fusesource/hawtbuf/hawtbuf/1.11/hawtbuf-1.11.jar:/Users/richardabanto/.m2/repository/org/apache/geronimo/specs/geronimo-j2ee-management_1.1_spec/1.0.1/geronimo-j2ee-management_1.1_spec-1.0.1.jar:/Users/richardabanto/.m2/repository/org/apache/activemq/activemq-openwire-legacy/5.15.14/activemq-openwire-legacy-5.15.14.jar:/Users/richardabanto/.m2/repository/org/codehaus/groovy/groovy-jsr223/2.5.14/groovy-jsr223-2.5.14.jar:/Users/richardabanto/.m2/repository/org/codehaus/groovy/groovy/2.5.14/groovy-2.5.14.jar:/Users/richardabanto/.m2/repository/org/flowable/flowable-ui-task-frontend/6.6.0/flowable-ui-task-frontend-6.6.0.jar:/Users/richardabanto/.m2/repository/org/flowable/flowable-ui-task-logic/6.6.0/flowable-ui-task-logic-6.6.0.jar:/Users/richardabanto/.m2/repository/org/flowable/flowable-ui-task-rest/6.6.0/flowable-ui-task-rest-6.6.0.jar:/Users/richardabanto/.m2/repository/org/flowable/flowable-groovy-script-static-engine/6.6.0/flowable-groovy-script-static-engine-6.6.0.jar:/Users/richardabanto/.m2/repository/org/flowable/flowable-http/6.6.0/flowable-http-6.6.0.jar:/Users/richardabanto/.m2/repository/org/flowable/flowable-http-common/6.6.0/flowable-http-common-6.6.0.jar:/Users/richardabanto/.m2/repository/org/liquibase/liquibase-core/4.3.5/liquibase-core-4.3.5.jar:/Users/richardabanto/.m2/repository/javax/xml/bind/jaxb-api/2.3.1/jaxb-api-2.3.1.jar:/Users/richardabanto/.m2/repository/javax/activation/javax.activation-api/1.2.0/javax.activation-api-1.2.0.jar:/Users/richardabanto/.m2/repository/com/konghq/unirest-java/3.11.09/unirest-java-3.11.09.jar:/Users/richardabanto/.m2/repository/org/apache/httpcomponents/httpclient/4.5.13/httpclient-4.5.13.jar:/Users/richardabanto/.m2/repository/org/apache/httpcomponents/httpmime/4.5.13/httpmime-4.5.13.jar:/Users/richardabanto/.m2/repository/org/apache/httpcomponents/httpcore-nio/4.4.14/httpcore-nio-4.4.14.jar:/Users/richardabanto/.m2/repository/org/apache/httpcomponents/httpasyncclient/4.1.4/httpasyncclient-4.1.4.jar:/Users/richardabanto/.m2/repository/com/google/code/gson/gson/2.8.6/gson-2.8.6.jar:/Users/richardabanto/.m2/repository/org/springframework/ldap/spring-ldap-core/2.4.1/spring-ldap-core-2.4.1.jar:/Users/richardabanto/.m2/repository/org/springframework/spring-beans/5.2.14.RELEASE/spring-beans-5.2.14.RELEASE.jar:/Users/richardabanto/.m2/repository/org/springframework/spring-tx/5.2.14.RELEASE/spring-tx-5.2.14.RELEASE.jar:/Users/richardabanto/.m2/repository/org/slf4j/slf4j-api/1.7.30/slf4j-api-1.7.30.jar:/Users/richardabanto/.m2/repository/com/jayway/jsonpath/json-path/2.5.0/json-path-2.5.0.jar:/Users/richardabanto/.m2/repository/net/minidev/json-smart/2.3/json-smart-2.3.jar:/Users/richardabanto/.m2/repository/net/minidev/accessors-smart/1.2/accessors-smart-1.2.jar:/Users/richardabanto/.m2/repository/org/ow2/asm/asm/5.0.4/asm-5.0.4.jar:"/>
    <property name="java.vm.vendor" value="Amazon.com Inc."/>
    <property name="sun.arch.data.model" value="64"/>
    <property name="java.vendor.url" value="https://aws.amazon.com/corretto/"/>
    <property name="os.name" value="Mac OS X"/>
    <property name="java.vm.specification.version" value="18"/>
    <property name="sun.java.launcher" value="SUN_STANDARD"/>
    <property name="user.country" value="PE"/>
    <property name="sun.boot.library.path" value="/Users/richardabanto/Library/Java/JavaVirtualMachines/corretto-18.0.2/Contents/Home/lib"/>
    <property name="sun.java.command" value="/Users/richardabanto/Documents/Tul/workspace/Java/orchestator/orchestator/target/surefire/surefirebooter10841962233573522244.jar /Users/richardabanto/Documents/Tul/workspace/Java/orchestator/orchestator/target/surefire 2023-05-26T02-17-07_507-jvmRun1 surefire8261959045579963399tmp surefire_01223992251415842819tmp"/>
    <property name="http.nonProxyHosts" value="local|*.local|169.254/16|*.169.254/16"/>
    <property name="jdk.debug" value="release"/>
    <property name="surefire.test.class.path" value="/Users/richardabanto/Documents/Tul/workspace/Java/orchestator/orchestator/target/test-classes:/Users/richardabanto/Documents/Tul/workspace/Java/orchestator/orchestator/target/classes:/Users/richardabanto/.m2/repository/org/springframework/boot/spring-boot-starter-jdbc/2.3.10.RELEASE/spring-boot-starter-jdbc-2.3.10.RELEASE.jar:/Users/richardabanto/.m2/repository/org/springframework/boot/spring-boot-starter/2.3.10.RELEASE/spring-boot-starter-2.3.10.RELEASE.jar:/Users/richardabanto/.m2/repository/org/springframework/boot/spring-boot-starter-logging/2.3.10.RELEASE/spring-boot-starter-logging-2.3.10.RELEASE.jar:/Users/richardabanto/.m2/repository/ch/qos/logback/logback-classic/1.2.3/logback-classic-1.2.3.jar:/Users/richardabanto/.m2/repository/ch/qos/logback/logback-core/1.2.3/logback-core-1.2.3.jar:/Users/richardabanto/.m2/repository/org/apache/logging/log4j/log4j-to-slf4j/2.13.3/log4j-to-slf4j-2.13.3.jar:/Users/richardabanto/.m2/repository/org/apache/logging/log4j/log4j-api/2.13.3/log4j-api-2.13.3.jar:/Users/richardabanto/.m2/repository/org/slf4j/jul-to-slf4j/1.7.30/jul-to-slf4j-1.7.30.jar:/Users/richardabanto/.m2/repository/jakarta/annotation/jakarta.annotation-api/1.3.5/jakarta.annotation-api-1.3.5.jar:/Users/richardabanto/.m2/repository/org/yaml/snakeyaml/1.26/snakeyaml-1.26.jar:/Users/richardabanto/.m2/repository/com/zaxxer/HikariCP/3.4.5/HikariCP-3.4.5.jar:/Users/richardabanto/.m2/repository/org/springframework/spring-jdbc/5.2.14.RELEASE/spring-jdbc-5.2.14.RELEASE.jar:/Users/richardabanto/.m2/repository/org/springframework/boot/spring-boot-starter-web/2.3.10.RELEASE/spring-boot-starter-web-2.3.10.RELEASE.jar:/Users/richardabanto/.m2/repository/org/springframework/boot/spring-boot-starter-json/2.3.10.RELEASE/spring-boot-starter-json-2.3.10.RELEASE.jar:/Users/richardabanto/.m2/repository/com/fasterxml/jackson/datatype/jackson-datatype-jdk8/2.11.4/jackson-datatype-jdk8-2.11.4.jar:/Users/richardabanto/.m2/repository/com/fasterxml/jackson/module/jackson-module-parameter-names/2.11.4/jackson-module-parameter-names-2.11.4.jar:/Users/richardabanto/.m2/repository/org/springframework/boot/spring-boot-starter-tomcat/2.3.10.RELEASE/spring-boot-starter-tomcat-2.3.10.RELEASE.jar:/Users/richardabanto/.m2/repository/org/apache/tomcat/embed/tomcat-embed-core/9.0.45/tomcat-embed-core-9.0.45.jar:/Users/richardabanto/.m2/repository/org/glassfish/jakarta.el/3.0.3/jakarta.el-3.0.3.jar:/Users/richardabanto/.m2/repository/org/apache/tomcat/embed/tomcat-embed-websocket/9.0.45/tomcat-embed-websocket-9.0.45.jar:/Users/richardabanto/.m2/repository/org/springframework/spring-web/5.2.14.RELEASE/spring-web-5.2.14.RELEASE.jar:/Users/richardabanto/.m2/repository/org/springframework/spring-webmvc/5.2.14.RELEASE/spring-webmvc-5.2.14.RELEASE.jar:/Users/richardabanto/.m2/repository/org/springframework/spring-aop/5.2.14.RELEASE/spring-aop-5.2.14.RELEASE.jar:/Users/richardabanto/.m2/repository/org/springframework/spring-context/5.2.14.RELEASE/spring-context-5.2.14.RELEASE.jar:/Users/richardabanto/.m2/repository/org/springframework/spring-expression/5.2.14.RELEASE/spring-expression-5.2.14.RELEASE.jar:/Users/richardabanto/.m2/repository/org/springframework/boot/spring-boot-starter-actuator/2.3.10.RELEASE/spring-boot-starter-actuator-2.3.10.RELEASE.jar:/Users/richardabanto/.m2/repository/org/springframework/boot/spring-boot-actuator-autoconfigure/2.3.10.RELEASE/spring-boot-actuator-autoconfigure-2.3.10.RELEASE.jar:/Users/richardabanto/.m2/repository/org/springframework/boot/spring-boot-actuator/2.3.10.RELEASE/spring-boot-actuator-2.3.10.RELEASE.jar:/Users/richardabanto/.m2/repository/io/micrometer/micrometer-core/1.5.13/micrometer-core-1.5.13.jar:/Users/richardabanto/.m2/repository/org/hdrhistogram/HdrHistogram/2.1.12/HdrHistogram-2.1.12.jar:/Users/richardabanto/.m2/repository/org/latencyutils/LatencyUtils/2.0.3/LatencyUtils-2.0.3.jar:/Users/richardabanto/.m2/repository/org/springframework/boot/spring-boot-devtools/2.3.10.RELEASE/spring-boot-devtools-2.3.10.RELEASE.jar:/Users/richardabanto/.m2/repository/org/springframework/boot/spring-boot/2.3.10.RELEASE/spring-boot-2.3.10.RELEASE.jar:/Users/richardabanto/.m2/repository/org/springframework/boot/spring-boot-autoconfigure/2.3.10.RELEASE/spring-boot-autoconfigure-2.3.10.RELEASE.jar:/Users/richardabanto/.m2/repository/org/springframework/boot/spring-boot-configuration-processor/2.3.10.RELEASE/spring-boot-configuration-processor-2.3.10.RELEASE.jar:/Users/richardabanto/.m2/repository/org/springframework/boot/spring-boot-starter-data-jpa/2.3.10.RELEASE/spring-boot-starter-data-jpa-2.3.10.RELEASE.jar:/Users/richardabanto/.m2/repository/org/springframework/boot/spring-boot-starter-aop/2.3.10.RELEASE/spring-boot-starter-aop-2.3.10.RELEASE.jar:/Users/richardabanto/.m2/repository/org/aspectj/aspectjweaver/1.9.6/aspectjweaver-1.9.6.jar:/Users/richardabanto/.m2/repository/jakarta/transaction/jakarta.transaction-api/1.3.3/jakarta.transaction-api-1.3.3.jar:/Users/richardabanto/.m2/repository/jakarta/persistence/jakarta.persistence-api/2.2.3/jakarta.persistence-api-2.2.3.jar:/Users/richardabanto/.m2/repository/org/hibernate/hibernate-core/5.4.30.Final/hibernate-core-5.4.30.Final.jar:/Users/richardabanto/.m2/repository/org/jboss/logging/jboss-logging/3.4.1.Final/jboss-logging-3.4.1.Final.jar:/Users/richardabanto/.m2/repository/org/javassist/javassist/3.27.0-GA/javassist-3.27.0-GA.jar:/Users/richardabanto/.m2/repository/net/bytebuddy/byte-buddy/1.10.22/byte-buddy-1.10.22.jar:/Users/richardabanto/.m2/repository/antlr/antlr/2.7.7/antlr-2.7.7.jar:/Users/richardabanto/.m2/repository/org/jboss/jandex/2.2.3.Final/jandex-2.2.3.Final.jar:/Users/richardabanto/.m2/repository/com/fasterxml/classmate/1.5.1/classmate-1.5.1.jar:/Users/richardabanto/.m2/repository/org/dom4j/dom4j/2.1.3/dom4j-2.1.3.jar:/Users/richardabanto/.m2/repository/org/hibernate/common/hibernate-commons-annotations/5.1.2.Final/hibernate-commons-annotations-5.1.2.Final.jar:/Users/richardabanto/.m2/repository/org/glassfish/jaxb/jaxb-runtime/2.3.4/jaxb-runtime-2.3.4.jar:/Users/richardabanto/.m2/repository/org/glassfish/jaxb/txw2/2.3.4/txw2-2.3.4.jar:/Users/richardabanto/.m2/repository/com/sun/istack/istack-commons-runtime/3.0.12/istack-commons-runtime-3.0.12.jar:/Users/richardabanto/.m2/repository/com/sun/activation/jakarta.activation/1.2.2/jakarta.activation-1.2.2.jar:/Users/richardabanto/.m2/repository/org/springframework/data/spring-data-jpa/2.3.9.RELEASE/spring-data-jpa-2.3.9.RELEASE.jar:/Users/richardabanto/.m2/repository/org/springframework/data/spring-data-commons/2.3.9.RELEASE/spring-data-commons-2.3.9.RELEASE.jar:/Users/richardabanto/.m2/repository/org/springframework/spring-orm/5.2.14.RELEASE/spring-orm-5.2.14.RELEASE.jar:/Users/richardabanto/.m2/repository/org/springframework/spring-aspects/5.2.14.RELEASE/spring-aspects-5.2.14.RELEASE.jar:/Users/richardabanto/.m2/repository/org/postgresql/postgresql/42.2.19/postgresql-42.2.19.jar:/Users/richardabanto/.m2/repository/org/checkerframework/checker-qual/3.5.0/checker-qual-3.5.0.jar:/Users/richardabanto/.m2/repository/org/projectlombok/lombok/1.18.20/lombok-1.18.20.jar:/Users/richardabanto/.m2/repository/org/springframework/boot/spring-boot-starter-test/2.3.10.RELEASE/spring-boot-starter-test-2.3.10.RELEASE.jar:/Users/richardabanto/.m2/repository/org/springframework/boot/spring-boot-test/2.3.10.RELEASE/spring-boot-test-2.3.10.RELEASE.jar:/Users/richardabanto/.m2/repository/org/springframework/boot/spring-boot-test-autoconfigure/2.3.10.RELEASE/spring-boot-test-autoconfigure-2.3.10.RELEASE.jar:/Users/richardabanto/.m2/repository/jakarta/xml/bind/jakarta.xml.bind-api/2.3.3/jakarta.xml.bind-api-2.3.3.jar:/Users/richardabanto/.m2/repository/jakarta/activation/jakarta.activation-api/1.2.2/jakarta.activation-api-1.2.2.jar:/Users/richardabanto/.m2/repository/org/assertj/assertj-core/3.16.1/assertj-core-3.16.1.jar:/Users/richardabanto/.m2/repository/org/hamcrest/hamcrest/2.2/hamcrest-2.2.jar:/Users/richardabanto/.m2/repository/org/junit/jupiter/junit-jupiter/5.6.3/junit-jupiter-5.6.3.jar:/Users/richardabanto/.m2/repository/org/junit/jupiter/junit-jupiter-api/5.6.3/junit-jupiter-api-5.6.3.jar:/Users/richardabanto/.m2/repository/org/opentest4j/opentest4j/1.2.0/opentest4j-1.2.0.jar:/Users/richardabanto/.m2/repository/org/junit/platform/junit-platform-commons/1.6.3/junit-platform-commons-1.6.3.jar:/Users/richardabanto/.m2/repository/org/junit/jupiter/junit-jupiter-params/5.6.3/junit-jupiter-params-5.6.3.jar:/Users/richardabanto/.m2/repository/org/junit/jupiter/junit-jupiter-engine/5.6.3/junit-jupiter-engine-5.6.3.jar:/Users/richardabanto/.m2/repository/org/junit/vintage/junit-vintage-engine/5.6.3/junit-vintage-engine-5.6.3.jar:/Users/richardabanto/.m2/repository/org/apiguardian/apiguardian-api/1.1.0/apiguardian-api-1.1.0.jar:/Users/richardabanto/.m2/repository/org/junit/platform/junit-platform-engine/1.6.3/junit-platform-engine-1.6.3.jar:/Users/richardabanto/.m2/repository/junit/junit/4.13.2/junit-4.13.2.jar:/Users/richardabanto/.m2/repository/org/mockito/mockito-core/3.3.3/mockito-core-3.3.3.jar:/Users/richardabanto/.m2/repository/net/bytebuddy/byte-buddy-agent/1.10.22/byte-buddy-agent-1.10.22.jar:/Users/richardabanto/.m2/repository/org/objenesis/objenesis/2.6/objenesis-2.6.jar:/Users/richardabanto/.m2/repository/org/mockito/mockito-junit-jupiter/3.3.3/mockito-junit-jupiter-3.3.3.jar:/Users/richardabanto/.m2/repository/org/skyscreamer/jsonassert/1.5.0/jsonassert-1.5.0.jar:/Users/richardabanto/.m2/repository/com/vaadin/external/google/android-json/0.0.20131108.vaadin1/android-json-0.0.20131108.vaadin1.jar:/Users/richardabanto/.m2/repository/org/springframework/spring-core/5.2.14.RELEASE/spring-core-5.2.14.RELEASE.jar:/Users/richardabanto/.m2/repository/org/springframework/spring-jcl/5.2.14.RELEASE/spring-jcl-5.2.14.RELEASE.jar:/Users/richardabanto/.m2/repository/org/springframework/spring-test/5.2.14.RELEASE/spring-test-5.2.14.RELEASE.jar:/Users/richardabanto/.m2/repository/org/xmlunit/xmlunit-core/2.7.0/xmlunit-core-2.7.0.jar:/Users/richardabanto/.m2/repository/org/flowable/flowable-spring-boot-starter-rest/6.6.0/flowable-spring-boot-starter-rest-6.6.0.jar:/Users/richardabanto/.m2/repository/org/flowable/flowable-spring-boot-starter/6.6.0/flowable-spring-boot-starter-6.6.0.jar:/Users/richardabanto/.m2/repository/org/flowable/flowable-spring-boot-autoconfigure/6.6.0/flowable-spring-boot-autoconfigure-6.6.0.jar:/Users/richardabanto/.m2/repository/org/flowable/flowable-spring-security/6.6.0/flowable-spring-security-6.6.0.jar:/Users/richardabanto/.m2/repository/org/flowable/flowable-spring-boot-starter-app/6.6.0/flowable-spring-boot-starter-app-6.6.0.jar:/Users/richardabanto/.m2/repository/org/flowable/flowable-spring-boot-starter-process/6.6.0/flowable-spring-boot-starter-process-6.6.0.jar:/Users/richardabanto/.m2/repository/org/flowable/flowable-spring-boot-starter-cmmn/6.6.0/flowable-spring-boot-starter-cmmn-6.6.0.jar:/Users/richardabanto/.m2/repository/org/flowable/flowable-cmmn-spring/6.6.0/flowable-cmmn-spring-6.6.0.jar:/Users/richardabanto/.m2/repository/org/flowable/flowable-spring-boot-starter-dmn/6.6.0/flowable-spring-boot-starter-dmn-6.6.0.jar:/Users/richardabanto/.m2/repository/org/flowable/flowable-dmn-spring/6.6.0/flowable-dmn-spring-6.6.0.jar:/Users/richardabanto/.m2/repository/org/flowable/flowable-spring-configurator/6.6.0/flowable-spring-configurator-6.6.0.jar:/Users/richardabanto/.m2/repository/org/flowable/flowable-engine-configurator/6.6.0/flowable-engine-configurator-6.6.0.jar:/Users/richardabanto/.m2/repository/org/flowable/flowable-cmmn-spring-configurator/6.6.0/flowable-cmmn-spring-configurator-6.6.0.jar:/Users/richardabanto/.m2/repository/org/flowable/flowable-cmmn-engine-configurator/6.6.0/flowable-cmmn-engine-configurator-6.6.0.jar:/Users/richardabanto/.m2/repository/org/flowable/flowable-dmn-spring-configurator/6.6.0/flowable-dmn-spring-configurator-6.6.0.jar:/Users/richardabanto/.m2/repository/org/flowable/flowable-dmn-engine-configurator/6.6.0/flowable-dmn-engine-configurator-6.6.0.jar:/Users/richardabanto/.m2/repository/org/flowable/flowable-form-spring-configurator/6.6.0/flowable-form-spring-configurator-6.6.0.jar:/Users/richardabanto/.m2/repository/org/flowable/flowable-form-spring/6.6.0/flowable-form-spring-6.6.0.jar:/Users/richardabanto/.m2/repository/org/flowable/flowable-form-engine-configurator/6.6.0/flowable-form-engine-configurator-6.6.0.jar:/Users/richardabanto/.m2/repository/org/flowable/flowable-content-spring-configurator/6.6.0/flowable-content-spring-configurator-6.6.0.jar:/Users/richardabanto/.m2/repository/org/flowable/flowable-content-spring/6.6.0/flowable-content-spring-6.6.0.jar:/Users/richardabanto/.m2/repository/org/flowable/flowable-content-engine-configurator/6.6.0/flowable-content-engine-configurator-6.6.0.jar:/Users/richardabanto/.m2/repository/org/flowable/flowable-idm-spring-configurator/6.6.0/flowable-idm-spring-configurator-6.6.0.jar:/Users/richardabanto/.m2/repository/org/flowable/flowable-spring-common/6.6.0/flowable-spring-common-6.6.0.jar:/Users/richardabanto/.m2/repository/org/flowable/flowable-idm-engine-configurator/6.6.0/flowable-idm-engine-configurator-6.6.0.jar:/Users/richardabanto/.m2/repository/org/flowable/flowable-spring-boot-starter-process-rest/6.6.0/flowable-spring-boot-starter-process-rest-6.6.0.jar:/Users/richardabanto/.m2/repository/org/flowable/flowable-rest/6.6.0/flowable-rest-6.6.0.jar:/Users/richardabanto/.m2/repository/org/flowable/flowable-idm-rest/6.6.0/flowable-idm-rest-6.6.0.jar:/Users/richardabanto/.m2/repository/org/flowable/flowable-external-job-rest/6.6.0/flowable-external-job-rest-6.6.0.jar:/Users/richardabanto/.m2/repository/org/flowable/flowable-cmmn-api/6.6.0/flowable-cmmn-api-6.6.0.jar:/Users/richardabanto/.m2/repository/org/flowable/flowable-entitylink-service-api/6.6.0/flowable-entitylink-service-api-6.6.0.jar:/Users/richardabanto/.m2/repository/org/flowable/flowable-task-service-api/6.6.0/flowable-task-service-api-6.6.0.jar:/Users/richardabanto/.m2/repository/org/flowable/flowable-job-service-api/6.6.0/flowable-job-service-api-6.6.0.jar:/Users/richardabanto/.m2/repository/org/flowable/flowable-batch-service-api/6.6.0/flowable-batch-service-api-6.6.0.jar:/Users/richardabanto/.m2/repository/org/flowable/flowable-spring-boot-starter-app-rest/6.6.0/flowable-spring-boot-starter-app-rest-6.6.0.jar:/Users/richardabanto/.m2/repository/org/flowable/flowable-app-engine-rest/6.6.0/flowable-app-engine-rest-6.6.0.jar:/Users/richardabanto/.m2/repository/org/flowable/flowable-spring-boot-starter-cmmn-rest/6.6.0/flowable-spring-boot-starter-cmmn-rest-6.6.0.jar:/Users/richardabanto/.m2/repository/org/flowable/flowable-cmmn-rest/6.6.0/flowable-cmmn-rest-6.6.0.jar:/Users/richardabanto/.m2/repository/org/flowable/flowable-spring-boot-starter-dmn-rest/6.6.0/flowable-spring-boot-starter-dmn-rest-6.6.0.jar:/Users/richardabanto/.m2/repository/org/flowable/flowable-dmn-rest/6.6.0/flowable-dmn-rest-6.6.0.jar:/Users/richardabanto/.m2/repository/org/flowable/flowable-event-registry-rest/6.6.0/flowable-event-registry-rest-6.6.0.jar:/Users/richardabanto/.m2/repository/org/flowable/flowable-event-registry/6.6.0/flowable-event-registry-6.6.0.jar:/Users/richardabanto/.m2/repository/org/flowable/flowable-event-registry-api/6.6.0/flowable-event-registry-api-6.6.0.jar:/Users/richardabanto/.m2/repository/org/flowable/flowable-eventsubscription-service-api/6.6.0/flowable-eventsubscription-service-api-6.6.0.jar:/Users/richardabanto/.m2/repository/org/flowable/flowable-idm-api/6.6.0/flowable-idm-api-6.6.0.jar:/Users/richardabanto/.m2/repository/org/flowable/flowable-common-rest/6.6.0/flowable-common-rest-6.6.0.jar:/Users/richardabanto/.m2/repository/commons-io/commons-io/2.8.0/commons-io-2.8.0.jar:/Users/richardabanto/.m2/repository/javax/annotation/jsr250-api/1.0/jsr250-api-1.0.jar:/Users/richardabanto/.m2/repository/org/apache/httpcomponents/httpcore/4.4.14/httpcore-4.4.14.jar:/Users/richardabanto/.m2/repository/io/swagger/swagger-annotations/1.6.2/swagger-annotations-1.6.2.jar:/Users/richardabanto/.m2/repository/io/swagger/swagger-models/1.6.2/swagger-models-1.6.2.jar:/Users/richardabanto/.m2/repository/org/flowable/flowable-form-rest/6.6.0/flowable-form-rest-6.6.0.jar:/Users/richardabanto/.m2/repository/org/flowable/flowable-form-engine/6.6.0/flowable-form-engine-6.6.0.jar:/Users/richardabanto/.m2/repository/org/flowable/flowable-form-api/6.6.0/flowable-form-api-6.6.0.jar:/Users/richardabanto/.m2/repository/org/flowable/flowable-content-rest/6.6.0/flowable-content-rest-6.6.0.jar:/Users/richardabanto/.m2/repository/org/flowable/flowable-content-engine/6.6.0/flowable-content-engine-6.6.0.jar:/Users/richardabanto/.m2/repository/org/slf4j/jcl-over-slf4j/1.7.30/jcl-over-slf4j-1.7.30.jar:/Users/richardabanto/.m2/repository/com/fasterxml/jackson/core/jackson-core/2.12.3/jackson-core-2.12.3.jar:/Users/richardabanto/.m2/repository/com/fasterxml/jackson/datatype/jackson-datatype-jsr310/2.12.3/jackson-datatype-jsr310-2.12.3.jar:/Users/richardabanto/.m2/repository/com/fasterxml/jackson/core/jackson-annotations/2.11.4/jackson-annotations-2.11.4.jar:/Users/richardabanto/.m2/repository/com/fasterxml/jackson/core/jackson-databind/2.11.4/jackson-databind-2.11.4.jar:/Users/richardabanto/.m2/repository/com/konghq/unirest-objectmapper-jackson/3.11.09/unirest-objectmapper-jackson-3.11.09.jar:/Users/richardabanto/.m2/repository/org/flowable/flowable-spring-boot-starter-ui-admin/6.6.0/flowable-spring-boot-starter-ui-admin-6.6.0.jar:/Users/richardabanto/.m2/repository/org/flowable/flowable-ui-admin-conf/6.6.0/flowable-ui-admin-conf-6.6.0.jar:/Users/richardabanto/.m2/repository/org/flowable/flowable-bpmn-model/6.6.0/flowable-bpmn-model-6.6.0.jar:/Users/richardabanto/.m2/repository/org/flowable/flowable-bpmn-converter/6.6.0/flowable-bpmn-converter-6.6.0.jar:/Users/richardabanto/.m2/repository/org/flowable/flowable-json-converter/6.6.0/flowable-json-converter-6.6.0.jar:/Users/richardabanto/.m2/repository/org/flowable/flowable-bpmn-layout/6.6.0/flowable-bpmn-layout-6.6.0.jar:/Users/richardabanto/.m2/repository/org/tinyjee/jgraphx/jgraphx/1.10.4.1/jgraphx-1.10.4.1.jar:/Users/richardabanto/.m2/repository/org/flowable/flowable-form-model/6.6.0/flowable-form-model-6.6.0.jar:/Users/richardabanto/.m2/repository/org/flowable/flowable-form-json-converter/6.6.0/flowable-form-json-converter-6.6.0.jar:/Users/richardabanto/.m2/repository/org/flowable/flowable-dmn-model/6.6.0/flowable-dmn-model-6.6.0.jar:/Users/richardabanto/.m2/repository/org/flowable/flowable-dmn-xml-converter/6.6.0/flowable-dmn-xml-converter-6.6.0.jar:/Users/richardabanto/.m2/repository/org/flowable/flowable-dmn-json-converter/6.6.0/flowable-dmn-json-converter-6.6.0.jar:/Users/richardabanto/.m2/repository/org/mybatis/mybatis/3.5.5/mybatis-3.5.5.jar:/Users/richardabanto/.m2/repository/org/mybatis/mybatis-spring/2.0.5/mybatis-spring-2.0.5.jar:/Users/richardabanto/.m2/repository/xerces/xercesImpl/2.12.0/xercesImpl-2.12.0.jar:/Users/richardabanto/.m2/repository/xml-apis/xml-apis/1.4.01/xml-apis-1.4.01.jar:/Users/richardabanto/.m2/repository/org/apache/commons/commons-lang3/3.10/commons-lang3-3.10.jar:/Users/richardabanto/.m2/repository/joda-time/joda-time/2.10.6/joda-time-2.10.6.jar:/Users/richardabanto/.m2/repository/org/flowable/flowable-ui-admin-frontend/6.6.0/flowable-ui-admin-frontend-6.6.0.jar:/Users/richardabanto/.m2/repository/org/flowable/flowable-ui-admin-logic/6.6.0/flowable-ui-admin-logic-6.6.0.jar:/Users/richardabanto/.m2/repository/org/flowable/flowable-process-validation/6.6.0/flowable-process-validation-6.6.0.jar:/Users/richardabanto/.m2/repository/org/flowable/flowable-image-generator/6.6.0/flowable-image-generator-6.6.0.jar:/Users/richardabanto/.m2/repository/org/flowable/flowable-cmmn-model/6.6.0/flowable-cmmn-model-6.6.0.jar:/Users/richardabanto/.m2/repository/org/flowable/flowable-cmmn-converter/6.6.0/flowable-cmmn-converter-6.6.0.jar:/Users/richardabanto/.m2/repository/org/flowable/flowable-cmmn-json-converter/6.6.0/flowable-cmmn-json-converter-6.6.0.jar:/Users/richardabanto/.m2/repository/org/flowable/flowable-cmmn-image-generator/6.6.0/flowable-cmmn-image-generator-6.6.0.jar:/Users/richardabanto/.m2/repository/org/flowable/flowable-dmn-image-generator/6.6.0/flowable-dmn-image-generator-6.6.0.jar:/Users/richardabanto/.m2/repository/com/fasterxml/jackson/datatype/jackson-datatype-json-org/2.11.4/jackson-datatype-json-org-2.11.4.jar:/Users/richardabanto/.m2/repository/org/json/json/20190722/json-20190722.jar:/Users/richardabanto/.m2/repository/com/fasterxml/jackson/datatype/jackson-datatype-joda/2.11.4/jackson-datatype-joda-2.11.4.jar:/Users/richardabanto/.m2/repository/commons-collections/commons-collections/3.2.2/commons-collections-3.2.2.jar:/Users/richardabanto/.m2/repository/com/google/guava/guava/29.0-jre/guava-29.0-jre.jar:/Users/richardabanto/.m2/repository/com/google/guava/failureaccess/1.0.1/failureaccess-1.0.1.jar:/Users/richardabanto/.m2/repository/com/google/guava/listenablefuture/9999.0-empty-to-avoid-conflict-with-guava/listenablefuture-9999.0-empty-to-avoid-conflict-with-guava.jar:/Users/richardabanto/.m2/repository/com/google/code/findbugs/jsr305/3.0.2/jsr305-3.0.2.jar:/Users/richardabanto/.m2/repository/com/google/errorprone/error_prone_annotations/2.3.4/error_prone_annotations-2.3.4.jar:/Users/richardabanto/.m2/repository/com/google/j2objc/j2objc-annotations/1.3/j2objc-annotations-1.3.jar:/Users/richardabanto/.m2/repository/org/springframework/spring-context-support/5.2.14.RELEASE/spring-context-support-5.2.14.RELEASE.jar:/Users/richardabanto/.m2/repository/org/springframework/security/spring-security-core/5.3.9.RELEASE/spring-security-core-5.3.9.RELEASE.jar:/Users/richardabanto/.m2/repository/org/springframework/security/spring-security-config/5.3.9.RELEASE/spring-security-config-5.3.9.RELEASE.jar:/Users/richardabanto/.m2/repository/org/springframework/security/spring-security-crypto/5.3.9.RELEASE/spring-security-crypto-5.3.9.RELEASE.jar:/Users/richardabanto/.m2/repository/org/springframework/security/spring-security-web/5.3.9.RELEASE/spring-security-web-5.3.9.RELEASE.jar:/Users/richardabanto/.m2/repository/org/flowable/flowable-ui-admin-rest/6.6.0/flowable-ui-admin-rest-6.6.0.jar:/Users/richardabanto/.m2/repository/org/flowable/flowable-ui-common/6.6.0/flowable-ui-common-6.6.0.jar:/Users/richardabanto/.m2/repository/com/fasterxml/uuid/java-uuid-generator/3.3.0/java-uuid-generator-3.3.0.jar:/Users/richardabanto/.m2/repository/org/flowable/flowable-spring-boot-starter-ui-idm/6.6.0/flowable-spring-boot-starter-ui-idm-6.6.0.jar:/Users/richardabanto/.m2/repository/org/flowable/flowable-ui-idm-conf/6.6.0/flowable-ui-idm-conf-6.6.0.jar:/Users/richardabanto/.m2/repository/org/flowable/flowable-idm-spring/6.6.0/flowable-idm-spring-6.6.0.jar:/Users/richardabanto/.m2/repository/org/flowable/flowable-ldap/6.6.0/flowable-ldap-6.6.0.jar:/Users/richardabanto/.m2/repository/com/h2database/h2/1.4.200/h2-1.4.200.jar:/Users/richardabanto/.m2/repository/org/springframework/security/spring-security-ldap/5.3.9.RELEASE/spring-security-ldap-5.3.9.RELEASE.jar:/Users/richardabanto/.m2/repository/org/flowable/flowable-ui-idm-frontend/6.6.0/flowable-ui-idm-frontend-6.6.0.jar:/Users/richardabanto/.m2/repository/org/flowable/flowable-ui-idm-logic/6.6.0/flowable-ui-idm-logic-6.6.0.jar:/Users/richardabanto/.m2/repository/org/flowable/flowable-ui-idm-rest/6.6.0/flowable-ui-idm-rest-6.6.0.jar:/Users/richardabanto/.m2/repository/org/flowable/flowable-idm-engine/6.6.0/flowable-idm-engine-6.6.0.jar:/Users/richardabanto/.m2/repository/org/flowable/flowable-engine-common-api/6.6.0/flowable-engine-common-api-6.6.0.jar:/Users/richardabanto/.m2/repository/org/flowable/flowable-engine-common/6.6.0/flowable-engine-common-6.6.0.jar:/Users/richardabanto/.m2/repository/org/flowable/flowable-variable-service-api/6.6.0/flowable-variable-service-api-6.6.0.jar:/Users/richardabanto/.m2/repository/commons-logging/commons-logging/1.2/commons-logging-1.2.jar:/Users/richardabanto/.m2/repository/commons-codec/commons-codec/1.14/commons-codec-1.14.jar:/Users/richardabanto/.m2/repository/org/flowable/flowable-spring-boot-starter-ui-modeler/6.6.0/flowable-spring-boot-starter-ui-modeler-6.6.0.jar:/Users/richardabanto/.m2/repository/org/flowable/flowable-ui-modeler-conf/6.6.0/flowable-ui-modeler-conf-6.6.0.jar:/Users/richardabanto/.m2/repository/org/flowable/flowable-ui-modeler-frontend/6.6.0/flowable-ui-modeler-frontend-6.6.0.jar:/Users/richardabanto/.m2/repository/org/flowable/flowable-ui-modeler-logic/6.6.0/flowable-ui-modeler-logic-6.6.0.jar:/Users/richardabanto/.m2/repository/org/flowable/flowable-event-registry-model/6.6.0/flowable-event-registry-model-6.6.0.jar:/Users/richardabanto/.m2/repository/org/flowable/flowable-event-registry-json-converter/6.6.0/flowable-event-registry-json-converter-6.6.0.jar:/Users/richardabanto/.m2/repository/org/flowable/flowable-app-engine-api/6.6.0/flowable-app-engine-api-6.6.0.jar:/Users/richardabanto/.m2/repository/org/flowable/flowable-ui-modeler-rest/6.6.0/flowable-ui-modeler-rest-6.6.0.jar:/Users/richardabanto/.m2/repository/org/flowable/flowable-spring-boot-starter-ui-task/6.6.0/flowable-spring-boot-starter-ui-task-6.6.0.jar:/Users/richardabanto/.m2/repository/org/flowable/flowable-ui-task-conf/6.6.0/flowable-ui-task-conf-6.6.0.jar:/Users/richardabanto/.m2/repository/org/flowable/flowable-content-api/6.6.0/flowable-content-api-6.6.0.jar:/Users/richardabanto/.m2/repository/org/flowable/flowable-engine/6.6.0/flowable-engine-6.6.0.jar:/Users/richardabanto/.m2/repository/org/flowable/flowable-variable-service/6.6.0/flowable-variable-service-6.6.0.jar:/Users/richardabanto/.m2/repository/org/flowable/flowable-identitylink-service/6.6.0/flowable-identitylink-service-6.6.0.jar:/Users/richardabanto/.m2/repository/org/flowable/flowable-identitylink-service-api/6.6.0/flowable-identitylink-service-api-6.6.0.jar:/Users/richardabanto/.m2/repository/org/flowable/flowable-entitylink-service/6.6.0/flowable-entitylink-service-6.6.0.jar:/Users/richardabanto/.m2/repository/org/flowable/flowable-event-registry-configurator/6.6.0/flowable-event-registry-configurator-6.6.0.jar:/Users/richardabanto/.m2/repository/org/flowable/flowable-eventsubscription-service/6.6.0/flowable-eventsubscription-service-6.6.0.jar:/Users/richardabanto/.m2/repository/org/flowable/flowable-task-service/6.6.0/flowable-task-service-6.6.0.jar:/Users/richardabanto/.m2/repository/org/flowable/flowable-job-service/6.6.0/flowable-job-service-6.6.0.jar:/Users/richardabanto/.m2/repository/org/flowable/flowable-batch-service/6.6.0/flowable-batch-service-6.6.0.jar:/Users/richardabanto/.m2/repository/org/flowable/flowable-dmn-api/6.6.0/flowable-dmn-api-6.6.0.jar:/Users/richardabanto/.m2/repository/org/apache/commons/commons-email/1.5/commons-email-1.5.jar:/Users/richardabanto/.m2/repository/com/sun/mail/javax.mail/1.5.6/javax.mail-1.5.6.jar:/Users/richardabanto/.m2/repository/javax/activation/activation/1.1/activation-1.1.jar:/Users/richardabanto/.m2/repository/org/flowable/flowable-spring/6.6.0/flowable-spring-6.6.0.jar:/Users/richardabanto/.m2/repository/org/flowable/flowable-job-spring-service/6.6.0/flowable-job-spring-service-6.6.0.jar:/Users/richardabanto/.m2/repository/org/flowable/flowable-event-registry-spring-configurator/6.6.0/flowable-event-registry-spring-configurator-6.6.0.jar:/Users/richardabanto/.m2/repository/org/flowable/flowable-event-registry-spring/6.6.0/flowable-event-registry-spring-6.6.0.jar:/Users/richardabanto/.m2/repository/org/flowable/flowable-app-engine/6.6.0/flowable-app-engine-6.6.0.jar:/Users/richardabanto/.m2/repository/org/flowable/flowable-app-engine-spring/6.6.0/flowable-app-engine-spring-6.6.0.jar:/Users/richardabanto/.m2/repository/org/flowable/flowable-dmn-engine/6.6.0/flowable-dmn-engine-6.6.0.jar:/Users/richardabanto/.m2/repository/org/flowable/flowable-cmmn-engine/6.6.0/flowable-cmmn-engine-6.6.0.jar:/Users/richardabanto/.m2/repository/org/springframework/spring-jms/5.2.14.RELEASE/spring-jms-5.2.14.RELEASE.jar:/Users/richardabanto/.m2/repository/org/springframework/spring-messaging/5.2.14.RELEASE/spring-messaging-5.2.14.RELEASE.jar:/Users/richardabanto/.m2/repository/jakarta/jms/jakarta.jms-api/2.0.3/jakarta.jms-api-2.0.3.jar:/Users/richardabanto/.m2/repository/org/apache/activemq/activemq-broker/5.15.14/activemq-broker-5.15.14.jar:/Users/richardabanto/.m2/repository/org/apache/activemq/activemq-client/5.15.14/activemq-client-5.15.14.jar:/Users/richardabanto/.m2/repository/org/apache/geronimo/specs/geronimo-jms_1.1_spec/1.1.1/geronimo-jms_1.1_spec-1.1.1.jar:/Users/richardabanto/.m2/repository/org/fusesource/hawtbuf/hawtbuf/1.11/hawtbuf-1.11.jar:/Users/richardabanto/.m2/repository/org/apache/geronimo/specs/geronimo-j2ee-management_1.1_spec/1.0.1/geronimo-j2ee-management_1.1_spec-1.0.1.jar:/Users/richardabanto/.m2/repository/org/apache/activemq/activemq-openwire-legacy/5.15.14/activemq-openwire-legacy-5.15.14.jar:/Users/richardabanto/.m2/repository/org/codehaus/groovy/groovy-jsr223/2.5.14/groovy-jsr223-2.5.14.jar:/Users/richardabanto/.m2/repository/org/codehaus/groovy/groovy/2.5.14/groovy-2.5.14.jar:/Users/richardabanto/.m2/repository/org/flowable/flowable-ui-task-frontend/6.6.0/flowable-ui-task-frontend-6.6.0.jar:/Users/richardabanto/.m2/repository/org/flowable/flowable-ui-task-logic/6.6.0/flowable-ui-task-logic-6.6.0.jar:/Users/richardabanto/.m2/repository/org/flowable/flowable-ui-task-rest/6.6.0/flowable-ui-task-rest-6.6.0.jar:/Users/richardabanto/.m2/repository/org/flowable/flowable-groovy-script-static-engine/6.6.0/flowable-groovy-script-static-engine-6.6.0.jar:/Users/richardabanto/.m2/repository/org/flowable/flowable-http/6.6.0/flowable-http-6.6.0.jar:/Users/richardabanto/.m2/repository/org/flowable/flowable-http-common/6.6.0/flowable-http-common-6.6.0.jar:/Users/richardabanto/.m2/repository/org/liquibase/liquibase-core/4.3.5/liquibase-core-4.3.5.jar:/Users/richardabanto/.m2/repository/javax/xml/bind/jaxb-api/2.3.1/jaxb-api-2.3.1.jar:/Users/richardabanto/.m2/repository/javax/activation/javax.activation-api/1.2.0/javax.activation-api-1.2.0.jar:/Users/richardabanto/.m2/repository/com/konghq/unirest-java/3.11.09/unirest-java-3.11.09.jar:/Users/richardabanto/.m2/repository/org/apache/httpcomponents/httpclient/4.5.13/httpclient-4.5.13.jar:/Users/richardabanto/.m2/repository/org/apache/httpcomponents/httpmime/4.5.13/httpmime-4.5.13.jar:/Users/richardabanto/.m2/repository/org/apache/httpcomponents/httpcore-nio/4.4.14/httpcore-nio-4.4.14.jar:/Users/richardabanto/.m2/repository/org/apache/httpcomponents/httpasyncclient/4.1.4/httpasyncclient-4.1.4.jar:/Users/richardabanto/.m2/repository/com/google/code/gson/gson/2.8.6/gson-2.8.6.jar:/Users/richardabanto/.m2/repository/org/springframework/ldap/spring-ldap-core/2.4.1/spring-ldap-core-2.4.1.jar:/Users/richardabanto/.m2/repository/org/springframework/spring-beans/5.2.14.RELEASE/spring-beans-5.2.14.RELEASE.jar:/Users/richardabanto/.m2/repository/org/springframework/spring-tx/5.2.14.RELEASE/spring-tx-5.2.14.RELEASE.jar:/Users/richardabanto/.m2/repository/org/slf4j/slf4j-api/1.7.30/slf4j-api-1.7.30.jar:/Users/richardabanto/.m2/repository/com/jayway/jsonpath/json-path/2.5.0/json-path-2.5.0.jar:/Users/richardabanto/.m2/repository/net/minidev/json-smart/2.3/json-smart-2.3.jar:/Users/richardabanto/.m2/repository/net/minidev/accessors-smart/1.2/accessors-smart-1.2.jar:/Users/richardabanto/.m2/repository/org/ow2/asm/asm/5.0.4/asm-5.0.4.jar:"/>
    <property name="sun.cpu.endian" value="little"/>
    <property name="user.home" value="/Users/richardabanto"/>
    <property name="user.language" value="es"/>
    <property name="java.specification.vendor" value="Oracle Corporation"/>
    <property name="java.version.date" value="2022-07-19"/>
    <property name="java.home" value="/Users/richardabanto/Library/Java/JavaVirtualMachines/corretto-18.0.2/Contents/Home"/>
    <property name="file.separator" value="/"/>
    <property name="basedir" value="/Users/richardabanto/Documents/Tul/workspace/Java/orchestator/orchestator"/>
    <property name="java.vm.compressedOopsMode" value="Zero based"/>
    <property name="line.separator" value="&#10;"/>
    <property name="java.vm.specification.vendor" value="Oracle Corporation"/>
    <property name="java.specification.name" value="Java Platform API Specification"/>
    <property name="apple.awt.application.name" value="ForkedBooter"/>
    <property name="surefire.real.class.path" value="/Users/richardabanto/Documents/Tul/workspace/Java/orchestator/orchestator/target/surefire/surefirebooter10841962233573522244.jar"/>
    <property name="sun.management.compiler" value="HotSpot 64-Bit Tiered Compilers"/>
    <property name="ftp.nonProxyHosts" value="local|*.local|169.254/16|*.169.254/16"/>
    <property name="java.runtime.version" value="18.0.2+9-FR"/>
    <property name="user.name" value="richardabanto"/>
    <property name="path.separator" value=":"/>
    <property name="os.version" value="13.3.1"/>
    <property name="java.runtime.name" value="OpenJDK Runtime Environment"/>
    <property name="file.encoding" value="UTF-8"/>
    <property name="java.vm.name" value="OpenJDK 64-Bit Server VM"/>
    <property name="java.vendor.version" value="Corretto-18.0.2.9.1"/>
    <property name="localRepository" value="/Users/richardabanto/.m2/repository"/>
    <property name="java.vendor.url.bug" value="https://github.com/corretto/corretto-18/issues/"/>
    <property name="java.io.tmpdir" value="/var/folders/6t/tw2f43ld3qx2fn9cqt4419h80000gn/T/"/>
    <property name="java.version" value="18.0.2"/>
    <property name="user.dir" value="/Users/richardabanto/Documents/Tul/workspace/Java/orchestator/orchestator"/>
    <property name="os.arch" value="aarch64"/>
    <property name="java.vm.specification.name" value="Java Virtual Machine Specification"/>
    <property name="native.encoding" value="UTF-8"/>
    <property name="java.library.path" value="/Users/richardabanto/Library/Java/Extensions:/Library/Java/Extensions:/Network/Library/Java/Extensions:/System/Library/Java/Extensions:/usr/lib/java:."/>
    <property name="java.vm.info" value="mixed mode, sharing"/>
    <property name="java.vendor" value="Amazon.com Inc."/>
    <property name="java.vm.version" value="18.0.2+9-FR"/>
    <property name="sun.io.unicode.encoding" value="UnicodeBig"/>
    <property name="socksNonProxyHosts" value="local|*.local|169.254/16|*.169.254/16"/>
    <property name="java.class.version" value="62.0"/>
  </properties>
  <testcase name="testApp" classname="com.tul.orchestator.AppTest" time="0"/>
</testsuite>